  RayTracer.cpp
C:\Program Files\Microsoft Visual Studio\2022\Community\VC\Tools\MSVC\14.38.33130\include\execution(12): warning STL4038: The contents of <execution> are available only with C++17 or later.
C:\Users\joshu\Github\GCP_Raytracer\GCP_Raytracer_Framework\RayTracer.cpp(10,38): warning C4244: 'argument': conversion from 'float' to 'const unsigned __int64', possible loss of data
C:\Users\joshu\Github\GCP_Raytracer\GCP_Raytracer_Framework\RayTracer.cpp(195,13): warning C4244: 'initializing': conversion from 'T' to 'float', possible loss of data
C:\Users\joshu\Github\GCP_Raytracer\GCP_Raytracer_Framework\RayTracer.cpp(195,13): warning C4244:         with
C:\Users\joshu\Github\GCP_Raytracer\GCP_Raytracer_Framework\RayTracer.cpp(195,13): warning C4244:         [
C:\Users\joshu\Github\GCP_Raytracer\GCP_Raytracer_Framework\RayTracer.cpp(195,13): warning C4244:             T=int
C:\Users\joshu\Github\GCP_Raytracer\GCP_Raytracer_Framework\RayTracer.cpp(195,13): warning C4244:         ]
C:\Users\joshu\Github\GCP_Raytracer\GCP_Raytracer_Framework\RayTracer.cpp(196,13): warning C4244: 'initializing': conversion from 'T' to 'float', possible loss of data
C:\Users\joshu\Github\GCP_Raytracer\GCP_Raytracer_Framework\RayTracer.cpp(196,13): warning C4244:         with
C:\Users\joshu\Github\GCP_Raytracer\GCP_Raytracer_Framework\RayTracer.cpp(196,13): warning C4244:         [
C:\Users\joshu\Github\GCP_Raytracer\GCP_Raytracer_Framework\RayTracer.cpp(196,13): warning C4244:             T=int
C:\Users\joshu\Github\GCP_Raytracer\GCP_Raytracer_Framework\RayTracer.cpp(196,13): warning C4244:         ]
C:\Users\joshu\Github\GCP_Raytracer\GCP_Raytracer_Framework\RayTracer.cpp(197,38): warning C4244: 'argument': conversion from 'float' to 'const unsigned __int64', possible loss of data
C:\Users\joshu\Github\GCP_Raytracer\GCP_Raytracer_Framework\RayTracer.cpp(198,67): warning C4244: 'argument': conversion from 'float' to 'const unsigned __int64', possible loss of data
  Generating code
  3 of 1082 functions ( 0.3%) were compiled, the rest were copied from previous compilation.
    0 functions were new in current compilation
    18 functions had inline decision re-evaluated but remain unchanged
  Finished generating code
  GCP_Raytracer_Framework.vcxproj -> C:\Users\joshu\Github\GCP_Raytracer\x64\Release\GCP_Raytracer_Framework.exe
